<?xml version="1.0" encoding="UTF-8"?>
<!-- Generated by org.testng.reporters.JUnitReportReporter -->
<testsuite skipped="0" hostname="bindu-PC" name="com.w2a.testcases.LoginTest" tests="1" failures="0" timestamp="07 Mar 2021 01:20:07 GMT" time="8.195" errors="0">
  <testcase name="loginAsBankManager" time="8.195" classname="com.w2a.testcases.LoginTest"/>
</testsuite> <!-- com.w2a.testcases.LoginTest -->
