<?xml version="1.0" encoding="UTF-8"?>
<!-- Generated by org.testng.reporters.JUnitReportReporter -->
<testsuite skipped="1" hostname="bindu-PC" name="com.w2a.testcases.BankManagerLoginTest" tests="1" failures="0" timestamp="09 Mar 2021 05:21:37 GMT" time="0.000" errors="0">
  <testcase name="loginAsBankManager" time="0.000" classname="com.w2a.testcases.BankManagerLoginTest">
    <skipped/>
  </testcase> <!-- loginAsBankManager -->
</testsuite> <!-- com.w2a.testcases.BankManagerLoginTest -->
